<?xml version="1.0" encoding="UTF-8"?>
<!-- Generated by org.testng.reporters.JUnitReportReporter -->
<testsuite hostname="DESKTOP-4MSVC5H" failures="0" tests="1" name="demo1.POJOClassNestedJSONPayload$CreateNestedJSONFromPojoClass" time="0.255" errors="0" timestamp="2024-06-12T15:44:55 IST" skipped="0">
  <testcase classname="demo1.POJOClassNestedJSONPayload$CreateNestedJSONFromPojoClass" name="test1" time="0.255"/>
  <system-out/>
</testsuite> <!-- demo1.POJOClassNestedJSONPayload$CreateNestedJSONFromPojoClass -->
