<?xml version="1.0" encoding="UTF-8"?>
<!-- Generated by org.testng.reporters.JUnitReportReporter -->
<testsuite hostname="DESKTOP-4MSVC5H" failures="0" tests="1" name="graphQL.GraphQL_Mutation" time="3.183" errors="0" timestamp="2024-06-13T16:52:22 IST" skipped="0">
  <testcase classname="graphQL.GraphQL_Mutation" name="testMutationGraphQL" time="3.183"/>
  <system-out/>
</testsuite> <!-- graphQL.GraphQL_Mutation -->
