<?xml version="1.0" encoding="UTF-8"?>
<!-- Generated by org.testng.reporters.JUnitReportReporter -->
<testsuite hostname="DESKTOP-4MSVC5H" failures="0" tests="1" name="demo1.POJOClassJSONObjectPayload" time="0.233" errors="0" timestamp="2024-06-12T14:22:58 IST" skipped="0">
  <testcase classname="demo1.POJOClassJSONObjectPayload" name="BadmintonJSONFromPOJOClass" time="0.233"/>
  <system-out/>
</testsuite> <!-- demo1.POJOClassJSONObjectPayload -->
