<?xml version="1.0" encoding="UTF-8"?>
<!-- Generated by org.testng.reporters.JUnitReportReporter -->
<testsuite hostname="DESKTOP-4MSVC5H" failures="0" tests="1" name="demo1.F1Example2" time="2.500" errors="0" timestamp="2024-06-12T11:54:03 IST" skipped="0">
  <testcase classname="demo1.F1Example2" name="test_noOfCircuitsUsingResSpec" time="2.500"/>
  <system-out/>
</testsuite> <!-- demo1.F1Example2 -->
