<?xml version="1.0" encoding="UTF-8"?>
<!-- Generated by org.testng.reporters.JUnitReportReporter -->
<testsuite hostname="DESKTOP-4MSVC5H" failures="0" tests="1" name="graphQL.GQLWihVariable" time="2.412" errors="0" timestamp="2024-06-13T16:13:21 IST" skipped="0">
  <testcase classname="graphQL.GQLWihVariable" name="testGraphql" time="2.412"/>
  <system-out/>
</testsuite> <!-- graphQL.GQLWihVariable -->
