<?xml version="1.0" encoding="UTF-8"?>
<!-- Generated by org.testng.reporters.JUnitReportReporter -->
<testsuite hostname="DESKTOP-4MSVC5H" failures="0" tests="1" name="demo1.PostTest" time="3.041" errors="0" timestamp="2024-06-11T14:46:47 IST" skipped="0">
  <testcase classname="demo1.PostTest" name="test1" time="3.041"/>
  <system-out/>
</testsuite> <!-- demo1.PostTest -->
