<?xml version="1.0" encoding="UTF-8"?>
<!-- Generated by org.testng.reporters.JUnitReportReporter -->
<testsuite hostname="DESKTOP-4MSVC5H" failures="0" tests="1" name="demo1.PutExample" time="2.869" errors="0" timestamp="2024-06-11T15:16:53 IST" skipped="0">
  <testcase classname="demo1.PutExample" name="putTest" time="2.869"/>
  <system-out/>
</testsuite> <!-- demo1.PutExample -->
