<?xml version="1.0" encoding="UTF-8"?>
<!-- Generated by org.testng.reporters.JUnitReportReporter -->
<testsuite hostname="DESKTOP-4MSVC5H" failures="0" tests="1" name="demo1.DeleteTest" time="2.991" errors="0" timestamp="2024-06-11T15:35:09 IST" skipped="0">
  <testcase classname="demo1.DeleteTest" name="pet_delete" time="2.991"/>
  <system-out/>
</testsuite> <!-- demo1.DeleteTest -->
