<?xml version="1.0" encoding="UTF-8"?>
<!-- Generated by org.testng.reporters.JUnitReportReporter -->
<testsuite hostname="DESKTOP-4MSVC5H" failures="0" tests="1" name="demo1.ExtractExample" time="3.554" errors="0" timestamp="2024-06-11T16:28:13 IST" skipped="0">
  <testcase classname="demo1.ExtractExample" name="test_circuit" time="3.554"/>
  <system-out/>
</testsuite> <!-- demo1.ExtractExample -->
