<?xml version="1.0" encoding="UTF-8"?>
<!-- Generated by org.testng.reporters.JUnitReportReporter -->
<testsuite hostname="DESKTOP-4MSVC5H" failures="0" tests="1" name="demo1.PostWithPayload" time="2.978" errors="0" timestamp="2024-06-11T15:34:44 IST" skipped="0">
  <testcase classname="demo1.PostWithPayload" name="test1" time="2.978"/>
  <system-out/>
</testsuite> <!-- demo1.PostWithPayload -->
