<?xml version="1.0" encoding="UTF-8"?>
<!-- Generated by org.testng.reporters.JUnitReportReporter -->
<testsuite hostname="DESKTOP-4MSVC5H" failures="0" tests="1" name="demo1.POJOClassJSONArrayPayload" time="0.287" errors="0" timestamp="2024-06-12T14:57:45 IST" skipped="0">
  <testcase classname="demo1.POJOClassJSONArrayPayload" name="CreateList" time="0.287"/>
  <system-out/>
</testsuite> <!-- demo1.POJOClassJSONArrayPayload -->
