<?xml version="1.0" encoding="UTF-8"?>
<!-- Generated by org.testng.reporters.JUnitReportReporter -->
<testsuite hostname="DESKTOP-4MSVC5H" failures="0" tests="1" name="demo1.GetTest" time="2.729" errors="0" timestamp="2024-06-11T14:30:03 IST" skipped="0">
  <testcase classname="demo1.GetTest" name="test2" time="2.729"/>
  <system-out/>
</testsuite> <!-- demo1.GetTest -->
