<?xml version="1.0" encoding="UTF-8"?>
<!-- Generated by org.testng.reporters.JUnitReportReporter -->
<testsuite hostname="DESKTOP-4MSVC5H" failures="0" tests="1" name="graphQL.GQL_Query" time="2.718" errors="0" timestamp="2024-06-13T15:11:37 IST" skipped="0">
  <testcase classname="graphQL.GQL_Query" name="testGraphQL" time="2.718"/>
  <system-out/>
</testsuite> <!-- graphQL.GQL_Query -->
